<?xml version="1.0" encoding="UTF-8"?>
<testsuite xmlns:xsi="http://www.w3.org/2001/XMLSchema-instance" xsi:noNamespaceSchemaLocation="https://maven.apache.org/surefire/maven-surefire-plugin/xsd/surefire-test-report.xsd" version="3.0.2" name="me.purin.purin_mobile_banking.PurinMobileBankingApplicationTests" time="5.769" tests="1" errors="0" skipped="0" failures="0" flakes="0">
  <properties>
[...]
</properties>
  <testcase name="contextLoads" classname="me.purin.purin_mobile_banking.PurinMobileBankingApplicationTests" time="0.316">
    <system-out><![CDATA[20:08:50.901 [main] INFO org.springframework.test.context.support.AnnotationConfigContextLoaderUtils -- Could not detect default configuration classes for test class [me.purin.purin_mobile_banking.PurinMobileBankingApplicationTests]: PurinMobileBankingApplicationTests does not declare any static, non-private, non-final, nested classes annotated with @Configuration.
20:08:50.949 [main] INFO org.springframework.boot.test.context.SpringBootTestContextBootstrapper -- Found @SpringBootConfiguration me.purin.purin_mobile_banking.PurinMobileBankingApplication for test class me.purin.purin_mobile_banking.PurinMobileBankingApplicationTests
20:08:50.984 [main] INFO org.springframework.test.context.support.AnnotationConfigContextLoaderUtils -- Could not detect default configuration classes for test class [me.purin.purin_mobile_banking.PurinMobileBankingApplicationTests]: PurinMobileBankingApplicationTests does not declare any static, non-private, non-final, nested classes annotated with @Configuration.
20:08:50.985 [main] INFO org.springframework.boot.test.context.SpringBootTestContextBootstrapper -- Found @SpringBootConfiguration me.purin.purin_mobile_banking.PurinMobileBankingApplication for test class me.purin.purin_mobile_banking.PurinMobileBankingApplicationTests

  .   ____          _            __ _ _
 /\\ / ___'_ __ _ _(_)_ __  __ _ \ \ \ \
( ( )\___ | '_ | '_| | '_ \/ _` | \ \ \ \
 \\/  ___)| |_)| | | | | || (_| |  ) ) ) )
  '  |____| .__|_| |_|_| |_\__, | / / / /
 =========|_|==============|___/=/_/_/_/

 :: Spring Boot ::                (v4.1.0)

2026-07-01T20:08:51.167+07:00  INFO 4817 --- [purin_bank] [           main] m.p.p.PurinMobileBankingApplicationTests : Starting PurinMobileBankingApplicationTests using Java 25.0.3 with PID 4817 (started by chanithayongmunkongkhun in /Users/chanithayongmunkongkhun/Desktop/learn/purin_mobile_banking)
2026-07-01T20:08:51.167+07:00  INFO 4817 --- [purin_bank] [           main] m.p.p.PurinMobileBankingApplicationTests : The following 1 profile is active: "secret"
2026-07-01T20:08:51.643+07:00  INFO 4817 --- [purin_bank] [           main] .s.d.r.c.RepositoryConfigurationDelegate : Multiple Spring Data modules found, entering strict repository configuration mode
2026-07-01T20:08:51.644+07:00  INFO 4817 --- [purin_bank] [           main] .s.d.r.c.RepositoryConfigurationDelegate : Bootstrapping Spring Data JPA repositories in DEFAULT mode.
2026-07-01T20:08:51.720+07:00  INFO 4817 --- [purin_bank] [           main] .s.d.r.c.RepositoryConfigurationDelegate : Finished Spring Data repository scanning in 70 ms. Found 8 JPA repository interfaces.
2026-07-01T20:08:51.752+07:00  INFO 4817 --- [purin_bank] [           main] .s.d.r.c.RepositoryConfigurationDelegate : Multiple Spring Data modules found, entering strict repository configuration mode
2026-07-01T20:08:51.753+07:00  INFO 4817 --- [purin_bank] [           main] .s.d.r.c.RepositoryConfigurationDelegate : Bootstrapping Spring Data Redis repositories in DEFAULT mode.
2026-07-01T20:08:51.761+07:00  INFO 4817 --- [purin_bank] [           main] .RepositoryConfigurationExtensionSupport : Spring Data Redis - Could not safely identify store assignment for repository candidate interface me.purin.purin_mobile_banking.repository.BankAccountRepository; If you want this repository to be a Redis repository, consider annotating your entities with one of these annotations: org.springframework.data.redis.core.RedisHash (preferred), or consider extending one of the following types with your repository: org.springframework.data.keyvalue.repository.KeyValueRepository
2026-07-01T20:08:51.761+07:00  INFO 4817 --- [purin_bank] [           main] .RepositoryConfigurationExtensionSupport : Spring Data Redis - Could not safely identify store assignment for repository candidate interface me.purin.purin_mobile_banking.repository.LedgerEntryRepository; If you want this repository to be a Redis repository, consider annotating your entities with one of these annotations: org.springframework.data.redis.core.RedisHash (preferred), or consider extending one of the following types with your repository: org.springframework.data.keyvalue.repository.KeyValueRepository
2026-07-01T20:08:51.761+07:00  INFO 4817 --- [purin_bank] [           main] .RepositoryConfigurationExtensionSupport : Spring Data Redis - Could not safely identify store assignment for repository candidate interface me.purin.purin_mobile_banking.repository.LoginAttemptRepository; If you want this repository to be a Redis repository, consider annotating your entities with one of these annotations: org.springframework.data.redis.core.RedisHash (preferred), or consider extending one of the following types with your repository: org.springframework.data.keyvalue.repository.KeyValueRepository
2026-07-01T20:08:51.761+07:00  INFO 4817 --- [purin_bank] [           main] .RepositoryConfigurationExtensionSupport : Spring Data Redis - Could not safely identify store assignment for repository candidate interface me.purin.purin_mobile_banking.repository.PasswordHistoryRepository; If you want this repository to be a Redis repository, consider annotating your entities with one of these annotations: org.springframework.data.redis.core.RedisHash (preferred), or consider extending one of the following types with your repository: org.springframework.data.keyvalue.repository.KeyValueRepository
2026-07-01T20:08:51.762+07:00  INFO 4817 --- [purin_bank] [           main] .RepositoryConfigurationExtensionSupport : Spring Data Redis - Could not safely identify store assignment for repository candidate interface me.purin.purin_mobile_banking.repository.TransactionRepository; If you want this repository to be a Redis repository, consider annotating your entities with one of these annotations: org.springframework.data.redis.core.RedisHash (preferred), or consider extending one of the following types with your repository: org.springframework.data.keyvalue.repository.KeyValueRepository
2026-07-01T20:08:51.762+07:00  INFO 4817 --- [purin_bank] [           main] .RepositoryConfigurationExtensionSupport : Spring Data Redis - Could not safely identify store assignment for repository candidate interface me.purin.purin_mobile_banking.repository.UserCredentialRepository; If you want this repository to be a Redis repository, consider annotating your entities with one of these annotations: org.springframework.data.redis.core.RedisHash (preferred), or consider extending one of the following types with your repository: org.springframework.data.keyvalue.repository.KeyValueRepository
2026-07-01T20:08:51.762+07:00  INFO 4817 --- [purin_bank] [           main] .RepositoryConfigurationExtensionSupport : Spring Data Redis - Could not safely identify store assignment for repository candidate interface me.purin.purin_mobile_banking.repository.UserMfaRepository; If you want this repository to be a Redis repository, consider annotating your entities with one of these annotations: org.springframework.data.redis.core.RedisHash (preferred), or consider extending one of the following types with your repository: org.springframework.data.keyvalue.repository.KeyValueRepository
2026-07-01T20:08:51.762+07:00  INFO 4817 --- [purin_bank] [           main] .RepositoryConfigurationExtensionSupport : Spring Data Redis - Could not safely identify store assignment for repository candidate interface me.purin.purin_mobile_banking.repository.UserRepository; If you want this repository to be a Redis repository, consider annotating your entities with one of these annotations: org.springframework.data.redis.core.RedisHash (preferred), or consider extending one of the following types with your repository: org.springframework.data.keyvalue.repository.KeyValueRepository
2026-07-01T20:08:51.762+07:00  INFO 4817 --- [purin_bank] [           main] .s.d.r.c.RepositoryConfigurationDelegate : Finished Spring Data repository scanning in 4 ms. Found 0 Redis repository interfaces.
2026-07-01T20:08:52.022+07:00  INFO 4817 --- [purin_bank] [           main] com.zaxxer.hikari.HikariDataSource       : HikariPool-1 - Starting...
2026-07-01T20:08:53.436+07:00  INFO 4817 --- [purin_bank] [           main] com.zaxxer.hikari.pool.HikariPool        : HikariPool-1 - Added connection org.postgresql.jdbc.PgConnection@54687fd0
2026-07-01T20:08:53.438+07:00  INFO 4817 --- [purin_bank] [           main] com.zaxxer.hikari.HikariDataSource       : HikariPool-1 - Start completed.
2026-07-01T20:08:53.472+07:00  INFO 4817 --- [purin_bank] [           main] org.hibernate.orm.jpa                    : HHH008540: Processing PersistenceUnitInfo [name: default]
2026-07-01T20:08:53.513+07:00  INFO 4817 --- [purin_bank] [           main] org.hibernate.orm.core                   : HHH000001: Hibernate ORM core version 7.4.3.Final
2026-07-01T20:08:54.360+07:00  INFO 4817 --- [purin_bank] [           main] org.hibernate.orm.connections.pooling    : HHH10001005: Database info:
	Database JDBC URL [jdbc:postgresql://aws-1-ap-northeast-2.pooler.supabase.com:6543/postgres?sslmode=require]
	Database driver: PostgreSQL JDBC Driver
	Database dialect: PostgreSQLDialect
	Database version: 17.6
	Default catalog/schema: postgres/public
	Autocommit mode: undefined/unknown
	Isolation level: READ_COMMITTED [default READ_COMMITTED]
	JDBC fetch size: none
	Pool: DataSourceConnectionProvider
	Minimum pool size: undefined/unknown
	Maximum pool size: undefined/unknown
2026-07-01T20:08:54.488+07:00  INFO 4817 --- [purin_bank] [           main] o.s.o.j.p.SpringPersistenceUnitInfo      : No LoadTimeWeaver setup: ignoring JPA class transformer
2026-07-01T20:08:55.096+07:00  INFO 4817 --- [purin_bank] [           main] org.hibernate.orm.core                   : HHH000489: No JTA platform available (set 'hibernate.transaction.jta.platform' to enable JTA platform integration)
2026-07-01T20:08:55.100+07:00  INFO 4817 --- [purin_bank] [           main] j.LocalContainerEntityManagerFactoryBean : Initialized JPA EntityManagerFactory for persistence unit 'default'
2026-07-01T20:08:55.141+07:00  INFO 4817 --- [purin_bank] [           main] o.s.d.j.r.query.QueryEnhancerFactories   : Hibernate is in classpath; If applicable, HQL parser will be used.
2026-07-01T20:08:55.591+07:00  WARN 4817 --- [purin_bank] [           main] JpaBaseConfiguration$JpaWebConfiguration : spring.jpa.open-in-view is enabled by default. Therefore, database queries may be performed during view rendering. Explicitly configure spring.jpa.open-in-view to disable this warning
2026-07-01T20:08:55.924+07:00 ERROR 4817 --- [purin_bank] [           main] i.n.r.d.DnsServerAddressStreamProviders  : Unable to load io.netty.resolver.dns.macos.MacOSDnsServerAddressStreamProvider, fallback to system defaults. This may result in incorrect DNS resolutions on MacOS. Check whether you have a dependency on 'io.netty:netty-resolver-dns-native-macos'. Use DEBUG level to see the full stack: java.lang.UnsatisfiedLinkError: failed to load the required native library
2026-07-01T20:08:56.089+07:00  WARN 4817 --- [purin_bank] [           main] .s.a.UserDetailsServiceAutoConfiguration : 

Using generated security password: 49f38959-0fea-4de6-8aee-85a76c8503df

This generated password is for development use only. Your security configuration must be updated before running your application in production.

2026-07-01T20:08:56.110+07:00  INFO 4817 --- [purin_bank] [           main] r$InitializeUserDetailsManagerConfigurer : Global AuthenticationManager configured with UserDetailsService bean with name inMemoryUserDetailsManager
2026-07-01T20:08:56.258+07:00  INFO 4817 --- [purin_bank] [           main] m.p.p.PurinMobileBankingApplicationTests : Started PurinMobileBankingApplicationTests in 5.231 seconds (process running for 5.769)
]]></system-out>
    <system-err><![CDATA[Mockito is currently self-attaching to enable the inline-mock-maker. This will no longer work in future releases of the JDK. Please add Mockito as an agent to your build as described in Mockito's documentation: https://javadoc.io/doc/org.mockito/mockito-core/latest/org.mockito/org/mockito/Mockito.html#0.3
WARNING: A Java agent has been loaded dynamically (/Users/chanithayongmunkongkhun/.m2/repository/net/bytebuddy/byte-buddy-agent/1.18.10/byte-buddy-agent-1.18.10.jar)
WARNING: If a serviceability tool is in use, please run with -XX:+EnableDynamicAgentLoading to hide this warning
WARNING: If a serviceability tool is not in use, please run with -Djdk.instrument.traceUsage for more information
WARNING: Dynamic loading of agents will be disallowed by default in a future release
]]></system-err>
  </testcase>
</testsuite>